<?xml version="1.0" encoding="UTF-8"?>
<!-- Generated by org.testng.reporters.JUnitReportReporter -->
<testsuite hostname="Devansh" failures="0" tests="6" name="jenkinspack.Countries1" time="0.008" errors="0" timestamp="2024-06-18T16:27:40 IST" skipped="0">
  <testcase classname="jenkinspack.Countries1" name="Antarcitica" time="0.003"/>
  <system-out/>
  <testcase classname="jenkinspack.Countries1" name="Sidney" time="0.001"/>
  <system-out/>
  <testcase classname="jenkinspack.Countries1" name="SouthKorea" time="0.000"/>
  <system-out/>
  <testcase classname="jenkinspack.Countries1" name="Russia" time="0.001"/>
  <system-out/>
  <testcase classname="jenkinspack.Countries1" name="Brazil" time="0.001"/>
  <system-out/>
  <testcase classname="jenkinspack.Countries1" name="Japan" time="0.002"/>
  <system-out/>
</testsuite> <!-- jenkinspack.Countries1 -->
